<?xml version="1.0" encoding="UTF-8"?>
<!-- Generated by org.testng.reporters.JUnitReportReporter -->
<testsuite hostname="QA1085" failures="0" tests="1" name="com.ui.tests.LoginTest3" time="12.917" errors="0" timestamp="2025-07-11T16:57:22 IST" skipped="0">
  <testcase classname="com.ui.tests.LoginTest3" name="loginTest" time="12.917"/>
</testsuite> <!-- com.ui.tests.LoginTest3 -->
